Arguments: 
  C:\Program Files\nodejs\node.exe C:\Users\HaoHao\AppData\Roaming\npm\node_modules\yarn\bin\yarn.js add react-native-paper

PATH: 
  C:\Program Files (x86)\Common Files\Oracle\Java\javapath;C:\Windows\system32;C:\Windows;C:\Windows\System32\Wbem;C:\Windows\System32\WindowsPowerShell\v1.0\;C:\Windows\System32\OpenSSH\;C:\Program Files\nodejs\;C:\Program Files\dotnet\;C:\Program Files\Microsoft SQL Server\130\Tools\Binn\;C:\Program Files\Microsoft SQL Server\Client SDK\ODBC\170\Tools\Binn\;C:\Program Files\Git\cmd;C:\Program Files (x86)\Google\Cloud SDK\google-cloud-sdk\bin;C:\Program Files (x86)\Java\jre1.8.0_231\bin;";C:\Users\HaoHao\AppData\Local\Android\Sdk\tools;C:\Users\HaoHao\AppData\Local\Android\Sdk\tools\bin;C:\Users\HaoHao\AppData\Local\Android\Sdk\platform-tools";C:\Users\HaoHao\AppData\Local\Microsoft\WindowsApps;C:\Users\HaoHao\AppData\Roaming\npm;C:\Users\HaoHao\AppData\Local\Programs\Microsoft VS Code\bin;C:\Users\HaoHao\AppData\Local\Programs\MiKTeX 2.9\miktex\bin\x64\;C:\Users\HaoHao\AppData\Local\Android\Sdk\platform-tools;C:\Users\HaoHao\AppData\Local\Android\Sdk\tools;

Yarn version: 
  1.21.1

Node version: 
  10.16.3

Platform: 
  win32 x64

Trace: 
  Error: EPERM: operation not permitted, unlink 'C:\Users\HaoHao\Documents\Side Projects\Trackstar\Trackstar\node_modules\hammerjs\src\input'

npm manifest: 
  {
    "main": "node_modules/expo/AppEntry.js",
    "scripts": {
      "start": "expo start",
      "android": "expo start --android",
      "ios": "expo start --ios",
      "web": "expo start --web",
      "eject": "expo eject"
    },
    "dependencies": {
      "expo": "~36.0.0",
      "react": "~16.9.0",
      "react-dom": "~16.9.0",
      "react-native": "https://github.com/expo/react-native/archive/sdk-36.0.0.tar.gz",
      "react-native-gesture-handler": "^1.5.3",
      "react-native-reanimated": "^1.7.0",
      "react-native-screens": "2.0.0-alpha.12",
      "react-native-tabs": "^1.0.9",
      "react-native-web": "~0.11.7",
      "react-navigation": "^4.1.0",
      "react-navigation-stack": "^2.0.16",
      "react-navigation-tabs": "^2.7.0"
    },
    "devDependencies": {
      "@types/react": "~16.9.0",
      "@types/react-native": "~0.60.23",
      "@babel/core": "^7.0.0",
      "babel-preset-expo": "~8.0.0",
      "typescript": "~3.6.3"
    },
    "private": true
  }

yarn manifest: 
  No manifest

Lockfile: 
  No lockfile
